<?xml version="1.0" encoding="UTF-8"?>
<testng-results ignored="0" total="3" passed="3" failed="0" skipped="0">
  <reporter-output>
    <line>
      <![CDATA[chrome is launched]]>
    </line>
    <line>
      <![CDATA[redbus application is launched]]>
    </line>
    <line>
      <![CDATA[window is maximized]]>
    </line>
    <line>
      <![CDATA[entered date and return date]]>
    </line>
    <line>
      <![CDATA[clicked on search]]>
    </line>
    <line>
      <![CDATA[Successfully booked ticket from tirupati to chennai]]>
    </line>
    <line>
      <![CDATA[closed browser]]>
    </line>
    <line>
      <![CDATA[chrome is launched]]>
    </line>
    <line>
      <![CDATA[redbus application is launched]]>
    </line>
    <line>
      <![CDATA[window is maximized]]>
    </line>
    <line>
      <![CDATA[entered date and return date]]>
    </line>
    <line>
      <![CDATA[clicked on search]]>
    </line>
    <line>
      <![CDATA[Successfully booked ticket from bangalore to hyderabad]]>
    </line>
    <line>
      <![CDATA[closed browser]]>
    </line>
    <line>
      <![CDATA[chrome is launched]]>
    </line>
    <line>
      <![CDATA[redbus application is launched]]>
    </line>
    <line>
      <![CDATA[window is maximized]]>
    </line>
    <line>
      <![CDATA[entered date and return date]]>
    </line>
    <line>
      <![CDATA[clicked on search]]>
    </line>
    <line>
      <![CDATA[Successfully booked ticket from hyderabad to chennai]]>
    </line>
    <line>
      <![CDATA[closed browser]]>
    </line>
  </reporter-output>
  <suite started-at="2022-12-20T05:39:57Z" name="Default suite" finished-at="2022-12-20T05:42:47Z" duration-ms="169453">
    <groups>
      <group name="cucumber">
        <method signature="AbstractTestNGCucumberTests.runScenario(io.cucumber.testng.PickleWrapper, io.cucumber.testng.FeatureWrapper)[pri:0, instance:runner.testrunnerfile@5b1ebf56]" name="runScenario" class="io.cucumber.testng.AbstractTestNGCucumberTests"/>
      </group> <!-- cucumber -->
    </groups>
    <test started-at="2022-12-20T05:39:57Z" name="Default test" finished-at="2022-12-20T05:42:47Z" duration-ms="169453">
      <class name="runner.testrunnerfile">
        <test-method is-config="true" signature="setUpClass()[pri:0, instance:runner.testrunnerfile@5b1ebf56]" started-at="2022-12-20T11:09:57Z" name="setUpClass" finished-at="2022-12-20T11:09:58Z" duration-ms="263" status="PASS">
          <reporter-output>
          </reporter-output>
        </test-method> <!-- setUpClass -->
        <test-method signature="runScenario(io.cucumber.testng.PickleWrapper, io.cucumber.testng.FeatureWrapper)[pri:0, instance:runner.testrunnerfile@5b1ebf56]" started-at="2022-12-20T11:09:58Z" name="runScenario" description="Runs Cucumber Scenarios" data-provider="scenarios" finished-at="2022-12-20T11:10:54Z" duration-ms="56846" status="PASS">
          <params>
            <param index="0">
              <value>
                <![CDATA["Booking tickets in redbus"]]>
              </value>
            </param>
            <param index="1">
              <value>
                <![CDATA["Optional[redbus application]"]]>
              </value>
            </param>
          </params>
          <reporter-output>
            <line>
              <![CDATA[chrome is launched]]>
            </line>
            <line>
              <![CDATA[redbus application is launched]]>
            </line>
            <line>
              <![CDATA[window is maximized]]>
            </line>
            <line>
              <![CDATA[entered date and return date]]>
            </line>
            <line>
              <![CDATA[clicked on search]]>
            </line>
            <line>
              <![CDATA[Successfully booked ticket from tirupati to chennai]]>
            </line>
            <line>
              <![CDATA[closed browser]]>
            </line>
          </reporter-output>
        </test-method> <!-- runScenario -->
        <test-method signature="runScenario(io.cucumber.testng.PickleWrapper, io.cucumber.testng.FeatureWrapper)[pri:0, instance:runner.testrunnerfile@5b1ebf56]" started-at="2022-12-20T11:10:54Z" name="runScenario" description="Runs Cucumber Scenarios" data-provider="scenarios" finished-at="2022-12-20T11:11:53Z" duration-ms="58847" status="PASS">
          <params>
            <param index="0">
              <value>
                <![CDATA["Booking tickets in redbus"]]>
              </value>
            </param>
            <param index="1">
              <value>
                <![CDATA["Optional[redbus application]"]]>
              </value>
            </param>
          </params>
          <reporter-output>
            <line>
              <![CDATA[chrome is launched]]>
            </line>
            <line>
              <![CDATA[redbus application is launched]]>
            </line>
            <line>
              <![CDATA[window is maximized]]>
            </line>
            <line>
              <![CDATA[entered date and return date]]>
            </line>
            <line>
              <![CDATA[clicked on search]]>
            </line>
            <line>
              <![CDATA[Successfully booked ticket from bangalore to hyderabad]]>
            </line>
            <line>
              <![CDATA[closed browser]]>
            </line>
          </reporter-output>
        </test-method> <!-- runScenario -->
        <test-method signature="runScenario(io.cucumber.testng.PickleWrapper, io.cucumber.testng.FeatureWrapper)[pri:0, instance:runner.testrunnerfile@5b1ebf56]" started-at="2022-12-20T11:11:53Z" name="runScenario" description="Runs Cucumber Scenarios" data-provider="scenarios" finished-at="2022-12-20T11:12:47Z" duration-ms="53450" status="PASS">
          <params>
            <param index="0">
              <value>
                <![CDATA["Booking tickets in redbus"]]>
              </value>
            </param>
            <param index="1">
              <value>
                <![CDATA["Optional[redbus application]"]]>
              </value>
            </param>
          </params>
          <reporter-output>
            <line>
              <![CDATA[chrome is launched]]>
            </line>
            <line>
              <![CDATA[redbus application is launched]]>
            </line>
            <line>
              <![CDATA[window is maximized]]>
            </line>
            <line>
              <![CDATA[entered date and return date]]>
            </line>
            <line>
              <![CDATA[clicked on search]]>
            </line>
            <line>
              <![CDATA[Successfully booked ticket from hyderabad to chennai]]>
            </line>
            <line>
              <![CDATA[closed browser]]>
            </line>
          </reporter-output>
        </test-method> <!-- runScenario -->
        <test-method is-config="true" signature="tearDownClass()[pri:0, instance:runner.testrunnerfile@5b1ebf56]" started-at="2022-12-20T11:12:47Z" name="tearDownClass" finished-at="2022-12-20T11:12:47Z" duration-ms="21" status="PASS">
          <reporter-output>
          </reporter-output>
        </test-method> <!-- tearDownClass -->
      </class> <!-- runner.testrunnerfile -->
    </test> <!-- Default test -->
  </suite> <!-- Default suite -->
</testng-results>
