<?xml version="1.0" encoding="UTF-8"?>
<testng-results ignored="0" total="1" passed="1" failed="0" skipped="0">
  <reporter-output>
    <line>
      <![CDATA[chrome is launched]]>
    </line>
    <line>
      <![CDATA[redbus application is launched]]>
    </line>
    <line>
      <![CDATA[window is maximized]]>
    </line>
  </reporter-output>
  <suite started-at="2022-12-14T09:21:25Z" name="Default suite" finished-at="2022-12-14T09:21:55Z" duration-ms="30204">
    <groups>
      <group name="cucumber">
        <method signature="AbstractTestNGCucumberTests.runScenario(io.cucumber.testng.PickleWrapper, io.cucumber.testng.FeatureWrapper)[pri:0, instance:runner.testrunnerfile@5b1ebf56]" name="runScenario" class="io.cucumber.testng.AbstractTestNGCucumberTests"/>
      </group> <!-- cucumber -->
    </groups>
    <test started-at="2022-12-14T09:21:25Z" name="Default test" finished-at="2022-12-14T09:21:55Z" duration-ms="30204">
      <class name="runner.testrunnerfile">
        <test-method is-config="true" signature="setUpClass()[pri:0, instance:runner.testrunnerfile@5b1ebf56]" started-at="2022-12-14T14:51:25Z" name="setUpClass" finished-at="2022-12-14T14:51:25Z" duration-ms="200" status="PASS">
          <reporter-output>
          </reporter-output>
        </test-method> <!-- setUpClass -->
        <test-method signature="runScenario(io.cucumber.testng.PickleWrapper, io.cucumber.testng.FeatureWrapper)[pri:0, instance:runner.testrunnerfile@5b1ebf56]" started-at="2022-12-14T14:51:25Z" name="runScenario" description="Runs Cucumber Scenarios" data-provider="scenarios" finished-at="2022-12-14T14:51:55Z" duration-ms="29971" status="PASS">
          <params>
            <param index="0">
              <value>
                <![CDATA["Booking tickets in redbus"]]>
              </value>
            </param>
            <param index="1">
              <value>
                <![CDATA["Optional[redbus application]"]]>
              </value>
            </param>
          </params>
          <reporter-output>
            <line>
              <![CDATA[chrome is launched]]>
            </line>
            <line>
              <![CDATA[redbus application is launched]]>
            </line>
            <line>
              <![CDATA[window is maximized]]>
            </line>
          </reporter-output>
        </test-method> <!-- runScenario -->
        <test-method is-config="true" signature="tearDownClass()[pri:0, instance:runner.testrunnerfile@5b1ebf56]" started-at="2022-12-14T14:51:55Z" name="tearDownClass" finished-at="2022-12-14T14:51:55Z" duration-ms="15" status="PASS">
          <reporter-output>
          </reporter-output>
        </test-method> <!-- tearDownClass -->
      </class> <!-- runner.testrunnerfile -->
    </test> <!-- Default test -->
  </suite> <!-- Default suite -->
</testng-results>
